
<--- Last few GCs --->

[21008:000002A5FFDC1000]     1876 ms: Scavenge 16.4 (21.6) -> 14.0 (30.6) MB, pooled: 0 MB, 1.15 / 0.00 ms  (average mu = 1.000, current mu = 1.000) allocation failure; 
[21008:000002A5FFDC1000]     1889 ms: Mark-Compact 14.3 (30.6) -> 12.5 (31.1) MB, pooled: 0 MB, 1.63 / 0.00 ms  (+ 0.1 ms in 0 steps since start of marking, biggest step 0.0 ms, walltime since start of marking 13 ms) (average mu = 0.999, current mu = 0.99

<--- JS stacktrace --->


<--- Last few GCs --->

[21008:000002A5FFDC1000]     1876 ms: Scavenge 16.4 (21.6) -> 14.0 (30.6) MB, pooled: 0 MB, 1.15 / 0.00 ms  (average mu = 1.000, current mu = 1.000) allocation failure; 
[21008:000002A5FFDC1000]     1889 ms: Mark-Compact 14.3 (30.6) -> 12.5 (31.1) MB, pooled: 0 MB, 1.63 / 0.00 ms  (+ 0.1 ms in 0 steps since start of marking, biggest step 0.0 ms, walltime since start of marking 13 ms) (average mu = 0.999, current mu = 0.99

<--- JS stacktrace --->

FATAL ERROR: MarkCompactCollector: young object promotion failed Allocation failed - JavaScript heap out of memory
----- Native stack trace -----

FATAL ERROR: MarkCompactCollector: young object promotion failed Allocation failed - JavaScript heap out of memory
----- Native stack trace -----



#
# Fatal process out of memory: Zone
#
----- Native stack trace -----



#
# Fatal process out of memory: Zone
#
----- Native stack trace -----



#
# Fatal process out of memory: Zone
#
----- Native stack trace -----

 1: 00007FF6F1381427 
 2: 00007FF6F12E4878 
 3: 00007FF6F1E563B1 
 4: 00007FF6F1E42F36 
 5: 00007FF6F1C9F870 
 6: 00007FF6F1C7282F 
 7: 00007FF6F1C839E2 
 8: 00007FF6F1C7A95E 
 9: 00007FF6F1C81169 
10: 00007FF6F1C8530E 
11: 00007FF6F204780F 
12: 00007FF6F2047606 
13: 00007FF6F1C799A4 
14: 00007FF6F1C7B358 
15: 00007FF6F1C79F99 
16: 00007FF6F1C79294 
17: 00007FF6F1CA650B 
18: 00007FF6F1CA8B1E 
19: 00007FF6F1C9893D 
20: 00007FF6F1C944F5 
21: 00007FF6F161DE2D 
 1: 00007FF6F1381427 
 2: 00007FF6F1255D3F 
 3: 00007FF6F24BBC16 
 4: 00007FF6F1E42D41 
 5: 00007FF6F1925A4B 
 6: 00007FF6F1693726 
 7: 00007FF6F16AA616 
 8: 00007FF6F2968464 
 9: 00007FF6F2971D01 
10: 00007FF6F29703E7 
11: 00007FF6F296F9ED 
12: 00007FF6F29B54F5 
13: 00007FF6F25DC252 
14: 00007FF6F25D606A 
15: 00007FF6F1DC0074 
16: 00007FF6F1D86C52 
17: 00007FF6F2047B96 
18: 00007FF6F1258AC0 
19: 00007FF6F13E2263 
20: 00007FF6F2BD0BCB 
21: 00007FFFFB93E8D7 
22: 00007FFFFD3EC48C 
 1: 00007FF6F1381427 
 1: 00007FF6F1381427 
 2: 00007FF6F1255D3F 
 2: 00007FF6F1255D3F 
 3: 00007FF6F24BBC16 
 3: 00007FF6F24BBC16 
 4: 00007FF6F1E42D41 
 4: 00007FF6F1E42D41 
 5: 00007FF6F1925A4B 
 5: 00007FF6F1925A4B 
 6: 00007FF6F26438D3 
 6: 00007FF6F2618415 
 7: 00007FF6F2723C8E 
 7: 00007FF6F2627389 
 8: 00007FF6F272944B 
 8: 00007FF6F261F2C2 
 9: 00007FF6F2723E97 
 9: 00007FF6F261D7D2 
10: 00007FF6F272506C 
10: 00007FF6F261DACB 
11: 00007FF6F25D501C 
11: 00007FF6F28F7B75 
12: 00007FF6F25DBEA4 
12: 00007FF6F25E1C31 
13: 00007FF6F25D606A 
13: 00007FF6F25DC729 
14: 00007FF6F1DC0074 
14: 00007FF6F25D606A 
15: 00007FF6F1D86C52 
15: 00007FF6F1DC0074 
16: 00007FF6F2047B96 
16: 00007FF6F1D86C52 
17: 00007FF6F1258AC0 
17: 00007FF6F2047B96 
18: 00007FF6F13E2263 
18: 00007FF6F1258AC0 
19: 00007FF6F2BD0BCB 
19: 00007FF6F13E2263 
20: 00007FFFFB93E8D7 
20: 00007FF6F2BD0BCB 
21: 00007FFFFB93E8D7 
22: 00007FFFFD3EC48C 
21: 00007FFFFD3EC48C 


#
# Fatal process out of memory: Zone
#
----- Native stack trace -----

